  Main.cpp
C:\Users\alexb\Downloads\3D Snake Game OpenGL\3D Snake Game OpenGL\3D Snake Game OpenGL\Resource.h(40,49): warning C4311: 'type cast': pointer truncation from 'void *' to 'int'
C:\Users\alexb\Downloads\3D Snake Game OpenGL\3D Snake Game OpenGL\3D Snake Game OpenGL\Resource.h(40,49): warning C4302: 'type cast': truncation from 'void *' to 'int'
C:\Users\alexb\Downloads\3D Snake Game OpenGL\3D Snake Game OpenGL\3D Snake Game OpenGL\Main.cpp(19,36): warning C4305: 'initializing': truncation from 'double' to 'GLfloat'
C:\Users\alexb\Downloads\3D Snake Game OpenGL\3D Snake Game OpenGL\3D Snake Game OpenGL\Main.cpp(41,29): warning C4305: 'argument': truncation from 'double' to 'GLfloat'
C:\Users\alexb\Downloads\3D Snake Game OpenGL\3D Snake Game OpenGL\3D Snake Game OpenGL\Main.cpp(42,31): warning C4305: 'argument': truncation from 'double' to 'GLfloat'
C:\Users\alexb\Downloads\3D Snake Game OpenGL\3D Snake Game OpenGL\3D Snake Game OpenGL\Main.cpp(58,47): warning C4244: 'argument': conversion from 'double' to 'GLfloat', possible loss of data
C:\Users\alexb\Downloads\3D Snake Game OpenGL\3D Snake Game OpenGL\3D Snake Game OpenGL\Main.cpp(59,43): warning C4312: 'type cast': conversion from 'const int' to 'void *' of greater size
C:\Users\alexb\Downloads\3D Snake Game OpenGL\3D Snake Game OpenGL\3D Snake Game OpenGL\Main.cpp(59,56): warning C4305: 'argument': truncation from 'double' to 'GLfloat'
C:\Users\alexb\Downloads\3D Snake Game OpenGL\3D Snake Game OpenGL\3D Snake Game OpenGL\Main.cpp(63,51): warning C4244: 'argument': conversion from 'double' to 'GLfloat', possible loss of data
C:\Users\alexb\Downloads\3D Snake Game OpenGL\3D Snake Game OpenGL\3D Snake Game OpenGL\Main.cpp(64,48): warning C4312: 'type cast': conversion from 'const int' to 'void *' of greater size
C:\Users\alexb\Downloads\3D Snake Game OpenGL\3D Snake Game OpenGL\3D Snake Game OpenGL\Main.cpp(64,58): warning C4305: 'argument': truncation from 'double' to 'GLfloat'
C:\Users\alexb\Downloads\3D Snake Game OpenGL\3D Snake Game OpenGL\3D Snake Game OpenGL\Main.cpp(67,51): warning C4244: 'argument': conversion from 'double' to 'GLfloat', possible loss of data
C:\Users\alexb\Downloads\3D Snake Game OpenGL\3D Snake Game OpenGL\3D Snake Game OpenGL\Main.cpp(68,48): warning C4312: 'type cast': conversion from 'const int' to 'void *' of greater size
C:\Users\alexb\Downloads\3D Snake Game OpenGL\3D Snake Game OpenGL\3D Snake Game OpenGL\Main.cpp(68,72): warning C4305: 'argument': truncation from 'double' to 'GLfloat'
C:\Users\alexb\Downloads\3D Snake Game OpenGL\3D Snake Game OpenGL\3D Snake Game OpenGL\Main.cpp(83,67): warning C4305: 'argument': truncation from 'double' to 'GLfloat'
C:\Users\alexb\Downloads\3D Snake Game OpenGL\3D Snake Game OpenGL\3D Snake Game OpenGL\Main.cpp(83,51): warning C4244: 'argument': conversion from 'double' to 'GLfloat', possible loss of data
C:\Users\alexb\Downloads\3D Snake Game OpenGL\3D Snake Game OpenGL\3D Snake Game OpenGL\Main.cpp(83,34): warning C4244: 'argument': conversion from 'double' to 'GLfloat', possible loss of data
C:\Users\alexb\Downloads\3D Snake Game OpenGL\3D Snake Game OpenGL\3D Snake Game OpenGL\Main.cpp(83,19): warning C4244: 'argument': conversion from 'double' to 'GLfloat', possible loss of data
C:\Users\alexb\Downloads\3D Snake Game OpenGL\3D Snake Game OpenGL\3D Snake Game OpenGL\Main.cpp(85,96): warning C4244: 'argument': conversion from 'double' to 'GLfloat', possible loss of data
C:\Users\alexb\Downloads\3D Snake Game OpenGL\3D Snake Game OpenGL\3D Snake Game OpenGL\Main.cpp(85,70): warning C4244: 'argument': conversion from 'double' to 'GLfloat', possible loss of data
C:\Users\alexb\Downloads\3D Snake Game OpenGL\3D Snake Game OpenGL\3D Snake Game OpenGL\Main.cpp(85,44): warning C4244: 'argument': conversion from 'double' to 'GLfloat', possible loss of data
C:\Users\alexb\Downloads\3D Snake Game OpenGL\3D Snake Game OpenGL\3D Snake Game OpenGL\Main.cpp(86,34): warning C4244: 'argument': conversion from 'double' to 'GLfloat', possible loss of data
C:\Users\alexb\Downloads\3D Snake Game OpenGL\3D Snake Game OpenGL\3D Snake Game OpenGL\Main.cpp(87,76): warning C4244: 'argument': conversion from 'double' to 'GLfloat', possible loss of data
C:\Users\alexb\Downloads\3D Snake Game OpenGL\3D Snake Game OpenGL\3D Snake Game OpenGL\Main.cpp(87,49): warning C4244: 'argument': conversion from 'double' to 'GLfloat', possible loss of data
C:\Users\alexb\Downloads\3D Snake Game OpenGL\3D Snake Game OpenGL\3D Snake Game OpenGL\Main.cpp(87,22): warning C4244: 'argument': conversion from 'double' to 'GLfloat', possible loss of data
C:\Users\alexb\Downloads\3D Snake Game OpenGL\3D Snake Game OpenGL\3D Snake Game OpenGL\Main.cpp(93,67): warning C4305: 'argument': truncation from 'double' to 'GLfloat'
C:\Users\alexb\Downloads\3D Snake Game OpenGL\3D Snake Game OpenGL\3D Snake Game OpenGL\Main.cpp(93,51): warning C4244: 'argument': conversion from 'double' to 'GLfloat', possible loss of data
C:\Users\alexb\Downloads\3D Snake Game OpenGL\3D Snake Game OpenGL\3D Snake Game OpenGL\Main.cpp(93,34): warning C4244: 'argument': conversion from 'double' to 'GLfloat', possible loss of data
C:\Users\alexb\Downloads\3D Snake Game OpenGL\3D Snake Game OpenGL\3D Snake Game OpenGL\Main.cpp(93,19): warning C4244: 'argument': conversion from 'double' to 'GLfloat', possible loss of data
C:\Users\alexb\Downloads\3D Snake Game OpenGL\3D Snake Game OpenGL\3D Snake Game OpenGL\Main.cpp(95,144): warning C4244: 'argument': conversion from 'double' to 'GLfloat', possible loss of data
C:\Users\alexb\Downloads\3D Snake Game OpenGL\3D Snake Game OpenGL\3D Snake Game OpenGL\Main.cpp(95,102): warning C4244: 'argument': conversion from 'double' to 'GLfloat', possible loss of data
C:\Users\alexb\Downloads\3D Snake Game OpenGL\3D Snake Game OpenGL\3D Snake Game OpenGL\Main.cpp(95,60): warning C4244: 'argument': conversion from 'double' to 'GLfloat', possible loss of data
C:\Users\alexb\Downloads\3D Snake Game OpenGL\3D Snake Game OpenGL\3D Snake Game OpenGL\Main.cpp(96,34): warning C4244: 'argument': conversion from 'double' to 'GLfloat', possible loss of data
C:\Users\alexb\Downloads\3D Snake Game OpenGL\3D Snake Game OpenGL\3D Snake Game OpenGL\Main.cpp(97,108): warning C4244: 'argument': conversion from 'double' to 'GLfloat', possible loss of data
C:\Users\alexb\Downloads\3D Snake Game OpenGL\3D Snake Game OpenGL\3D Snake Game OpenGL\Main.cpp(97,65): warning C4244: 'argument': conversion from 'double' to 'GLfloat', possible loss of data
C:\Users\alexb\Downloads\3D Snake Game OpenGL\3D Snake Game OpenGL\3D Snake Game OpenGL\Main.cpp(97,22): warning C4244: 'argument': conversion from 'double' to 'GLfloat', possible loss of data
C:\Users\alexb\Downloads\3D Snake Game OpenGL\3D Snake Game OpenGL\3D Snake Game OpenGL\Main.cpp(101,29): warning C4312: 'type cast': conversion from 'const int' to 'void *' of greater size
C:\Users\alexb\Downloads\3D Snake Game OpenGL\3D Snake Game OpenGL\3D Snake Game OpenGL\Main.cpp(103,34): warning C4312: 'type cast': conversion from 'const int' to 'void *' of greater size
C:\Users\alexb\Downloads\3D Snake Game OpenGL\3D Snake Game OpenGL\3D Snake Game OpenGL\Main.cpp(131,24): warning C4244: '+=': conversion from 'double' to 'float', possible loss of data
C:\Users\alexb\Downloads\3D Snake Game OpenGL\3D Snake Game OpenGL\3D Snake Game OpenGL\Main.cpp(136,24): warning C4244: '+=': conversion from 'double' to 'float', possible loss of data
C:\Users\alexb\Downloads\3D Snake Game OpenGL\3D Snake Game OpenGL\3D Snake Game OpenGL\Main.cpp(141,24): warning C4244: '+=': conversion from 'double' to 'float', possible loss of data
C:\Users\alexb\Downloads\3D Snake Game OpenGL\3D Snake Game OpenGL\3D Snake Game OpenGL\Main.cpp(145,28): warning C4305: '*=': truncation from 'double' to 'float'
C:\Users\alexb\Downloads\3D Snake Game OpenGL\3D Snake Game OpenGL\3D Snake Game OpenGL\Main.cpp(149,27): warning C4305: '*=': truncation from 'double' to 'float'
C:\Users\alexb\Downloads\3D Snake Game OpenGL\3D Snake Game OpenGL\3D Snake Game OpenGL\Main.cpp(156,13): warning C4244: '=': conversion from 'double' to 'int', possible loss of data
C:\Users\alexb\Downloads\3D Snake Game OpenGL\3D Snake Game OpenGL\3D Snake Game OpenGL\Main.cpp(156,22): warning C4244: '=': conversion from 'double' to 'int', possible loss of data
C:\Users\alexb\Downloads\3D Snake Game OpenGL\3D Snake Game OpenGL\3D Snake Game OpenGL\Main.cpp(371,29): warning C4244: '+=': conversion from 'double' to 'float', possible loss of data
C:\Users\alexb\Downloads\3D Snake Game OpenGL\3D Snake Game OpenGL\3D Snake Game OpenGL\Main.cpp(372,29): warning C4244: '+=': conversion from 'double' to 'float', possible loss of data
  3D Snake Game OpenGL.vcxproj -> C:\Users\alexb\Downloads\3D Snake Game OpenGL\3D Snake Game OpenGL\x64\Debug\3D Snake Game OpenGL.exe
          1 file(s) copied.
